<?xml version="1.0" encoding="UTF-8" standalone="yes"?>
<ns2:test-suite xmlns:ns2="urn:model.allure.qatools.yandex.ru" start="1520448213087" stop="1520448222356">
    <name>Suite1</name>
    <test-cases>
        <test-case start="1520448213133" stop="1520448214830" status="passed">
            <name>testBadGroupCreation</name>
            <steps/>
            <attachments/>
            <labels/>
        </test-case>
        <test-case start="1520448214940" stop="1520448216082" status="passed">
            <name>testGroupCreation[GroupData{id=2147483647, name='Name 0', header='Header 0', footer='Footer 0'}]</name>
            <steps/>
            <attachments/>
            <labels/>
        </test-case>
        <test-case start="1520448216098" stop="1520448217137" status="passed">
            <name>testGroupCreation[GroupData{id=2147483647, name='Name 1', header='Header 1', footer='Footer 1'}]</name>
            <steps/>
            <attachments/>
            <labels/>
        </test-case>
        <test-case start="1520448217137" stop="1520448218166" status="passed">
            <name>testGroupCreation[GroupData{id=2147483647, name='Name 2', header='Header 2', footer='Footer 2'}]</name>
            <steps/>
            <attachments/>
            <labels/>
        </test-case>
        <test-case start="1520448218166" stop="1520448219181" status="passed">
            <name>testGroupCreation[GroupData{id=2147483647, name='Name 3', header='Header 3', footer='Footer 3'}]</name>
            <steps/>
            <attachments/>
            <labels/>
        </test-case>
        <test-case start="1520448219181" stop="1520448220130" status="passed">
            <name>testGroupCreation[GroupData{id=2147483647, name='Name 4', header='Header 4', footer='Footer 4'}]</name>
            <steps/>
            <attachments/>
            <labels/>
        </test-case>
        <test-case start="1520448220180" stop="1520448221327" status="passed">
            <name>testGroupModification</name>
            <steps/>
            <attachments/>
            <labels/>
        </test-case>
        <test-case start="1520448221348" stop="1520448222356" status="failed">
            <name>testGroupDeletion</name>
            <failure>
                <message>AssertionError: 
Expected: &lt;[GroupData{id=471, name='Name 4', header='Header 4', footer='Footer 4'}, GroupData{id=468, name='Name 1', header='Header 1', footer='Footer 1'}, GroupData{id=469, name='Name 2', header='Header 2', footer='Footer 2'}, GroupData{id=467, name='Name 0', header='Header 0', footer='Footer 0'}, GroupData{id=470, name='Modify name 1', header='Modify header 1', footer='Modify footer 1'}, GroupData{id=466, name='Modify name 1', header='Modify header 1', footer='Modify footer 1'}]&gt;
     but: was &lt;[GroupData{id=468, name='Name 1', header='Header 1', footer='Footer 1'}, GroupData{id=469, name='Name 2', header='Header 2', footer='Footer 2'}, GroupData{id=467, name='Name 0', header='Header 0', footer='Footer 0'}, GroupData{id=470, name='Modify name 1', header='Modify header 1', footer='Modify footer 1'}, GroupData{id=466, name='Modify name 1', header='Modify header 1', footer='Modify footer 1'}]&gt;</message>
                <stack-trace>java.lang.AssertionError: 
Expected: &lt;[GroupData{id=471, name='Name 4', header='Header 4', footer='Footer 4'}, GroupData{id=468, name='Name 1', header='Header 1', footer='Footer 1'}, GroupData{id=469, name='Name 2', header='Header 2', footer='Footer 2'}, GroupData{id=467, name='Name 0', header='Header 0', footer='Footer 0'}, GroupData{id=470, name='Modify name 1', header='Modify header 1', footer='Modify footer 1'}, GroupData{id=466, name='Modify name 1', header='Modify header 1', footer='Modify footer 1'}]&gt;
     but: was &lt;[GroupData{id=468, name='Name 1', header='Header 1', footer='Footer 1'}, GroupData{id=469, name='Name 2', header='Header 2', footer='Footer 2'}, GroupData{id=467, name='Name 0', header='Header 0', footer='Footer 0'}, GroupData{id=470, name='Modify name 1', header='Modify header 1', footer='Modify footer 1'}, GroupData{id=466, name='Modify name 1', header='Modify header 1', footer='Modify footer 1'}]&gt;
	at org.hamcrest.MatcherAssert.assertThat(MatcherAssert.java:18)
	at org.hamcrest.MatcherAssert.assertThat(MatcherAssert.java:6)
	at ru.moneta.pft.addressbook.tests.GroupDeletionTests.testGroupDeletion(GroupDeletionTests.java:29)
	at sun.reflect.NativeMethodAccessorImpl.invoke0(Native Method)
	at sun.reflect.NativeMethodAccessorImpl.invoke(NativeMethodAccessorImpl.java:62)
	at sun.reflect.DelegatingMethodAccessorImpl.invoke(DelegatingMethodAccessorImpl.java:43)
	at java.lang.reflect.Method.invoke(Method.java:498)
	at org.testng.internal.MethodInvocationHelper.invokeMethod(MethodInvocationHelper.java:124)
	at org.testng.internal.Invoker.invokeMethod(Invoker.java:571)
	at org.testng.internal.Invoker.invokeTestMethod(Invoker.java:707)
	at org.testng.internal.Invoker.invokeTestMethods(Invoker.java:979)
	at org.testng.internal.TestMethodWorker.invokeTestMethods(TestMethodWorker.java:125)
	at org.testng.internal.TestMethodWorker.run(TestMethodWorker.java:109)
	at org.testng.TestRunner.privateRun(TestRunner.java:648)
	at org.testng.TestRunner.run(TestRunner.java:505)
	at org.testng.SuiteRunner.runTest(SuiteRunner.java:455)
	at org.testng.SuiteRunner.runSequentially(SuiteRunner.java:450)
	at org.testng.SuiteRunner.privateRun(SuiteRunner.java:415)
	at org.testng.SuiteRunner.run(SuiteRunner.java:364)
	at org.testng.SuiteRunnerWorker.runSuite(SuiteRunnerWorker.java:52)
	at org.testng.SuiteRunnerWorker.run(SuiteRunnerWorker.java:84)
	at org.testng.TestNG.runSuitesSequentially(TestNG.java:1187)
	at org.testng.TestNG.runSuitesLocally(TestNG.java:1116)
	at org.testng.TestNG.runSuites(TestNG.java:1028)
	at org.testng.TestNG.run(TestNG.java:996)
	at org.gradle.api.internal.tasks.testing.testng.TestNGTestClassProcessor.runTests(TestNGTestClassProcessor.java:129)
	at org.gradle.api.internal.tasks.testing.testng.TestNGTestClassProcessor.stop(TestNGTestClassProcessor.java:88)
	at org.gradle.api.internal.tasks.testing.SuiteTestClassProcessor.stop(SuiteTestClassProcessor.java:61)
	at sun.reflect.NativeMethodAccessorImpl.invoke0(Native Method)
	at sun.reflect.NativeMethodAccessorImpl.invoke(NativeMethodAccessorImpl.java:62)
	at sun.reflect.DelegatingMethodAccessorImpl.invoke(DelegatingMethodAccessorImpl.java:43)
	at java.lang.reflect.Method.invoke(Method.java:498)
	at org.gradle.internal.dispatch.ReflectionDispatch.dispatch(ReflectionDispatch.java:35)
	at org.gradle.internal.dispatch.ReflectionDispatch.dispatch(ReflectionDispatch.java:24)
	at org.gradle.internal.dispatch.ContextClassLoaderDispatch.dispatch(ContextClassLoaderDispatch.java:32)
	at org.gradle.internal.dispatch.ProxyDispatchAdapter$DispatchingInvocationHandler.invoke(ProxyDispatchAdapter.java:93)
	at com.sun.proxy.$Proxy1.stop(Unknown Source)
	at org.gradle.api.internal.tasks.testing.worker.TestWorker.stop(TestWorker.java:119)
	at sun.reflect.NativeMethodAccessorImpl.invoke0(Native Method)
	at sun.reflect.NativeMethodAccessorImpl.invoke(NativeMethodAccessorImpl.java:62)
	at sun.reflect.DelegatingMethodAccessorImpl.invoke(DelegatingMethodAccessorImpl.java:43)
	at java.lang.reflect.Method.invoke(Method.java:498)
	at org.gradle.internal.dispatch.ReflectionDispatch.dispatch(ReflectionDispatch.java:35)
	at org.gradle.internal.dispatch.ReflectionDispatch.dispatch(ReflectionDispatch.java:24)
	at org.gradle.internal.remote.internal.hub.MessageHubBackedObjectConnection$DispatchWrapper.dispatch(MessageHubBackedObjectConnection.java:146)
	at org.gradle.internal.remote.internal.hub.MessageHubBackedObjectConnection$DispatchWrapper.dispatch(MessageHubBackedObjectConnection.java:128)
	at org.gradle.internal.remote.internal.hub.MessageHub$Handler.run(MessageHub.java:404)
	at org.gradle.internal.concurrent.ExecutorPolicy$CatchAndRecordFailures.onExecute(ExecutorPolicy.java:63)
	at org.gradle.internal.concurrent.ManagedExecutorImpl$1.run(ManagedExecutorImpl.java:46)
	at java.util.concurrent.ThreadPoolExecutor.runWorker(ThreadPoolExecutor.java:1149)
	at java.util.concurrent.ThreadPoolExecutor$Worker.run(ThreadPoolExecutor.java:624)
	at org.gradle.internal.concurrent.ThreadFactoryImpl$ManagedThreadRunnable.run(ThreadFactoryImpl.java:55)
	at java.lang.Thread.run(Thread.java:748)
</stack-trace>
            </failure>
            <steps/>
            <attachments>
                <attachment title="Page screenshot" source="b141ed468d134678474090442f9fa192051fb3b4580859d99b5db0506593af10-attachment.png" type="image/png" size="25887"/>
            </attachments>
            <labels/>
        </test-case>
    </test-cases>
    <labels/>
</ns2:test-suite>
